0 info it worked if it ends with ok
1 verbose cli [ '/usr/local/bin/node',
1 verbose cli   '/usr/local/bin/npm',
1 verbose cli   'install',
1 verbose cli   '-g',
1 verbose cli   'mocha' ]
2 info using npm@2.14.12
3 info using node@v4.2.6
4 verbose install initial load of /usr/local/lib/package.json
5 verbose readDependencies loading dependencies from /usr/local/lib/package.json
6 silly cache add args [ 'mocha', null ]
7 verbose cache add spec mocha
8 silly cache add parsed spec Result {
8 silly cache add   raw: 'mocha',
8 silly cache add   scope: null,
8 silly cache add   name: 'mocha',
8 silly cache add   rawSpec: '',
8 silly cache add   spec: 'latest',
8 silly cache add   type: 'tag' }
9 silly addNamed mocha@latest
10 verbose addNamed "latest" is being treated as a dist-tag for mocha
11 info addNameTag [ 'mocha', 'latest' ]
12 silly mapToRegistry name mocha
13 silly mapToRegistry using default registry
14 silly mapToRegistry registry https://registry.npmjs.org/
15 silly mapToRegistry uri https://registry.npmjs.org/mocha
16 verbose addNameTag registry:https://registry.npmjs.org/mocha not in flight; fetching
17 verbose request uri https://registry.npmjs.org/mocha
18 verbose request no auth needed
19 info attempt registry request try #1 at 3:13:31 PM
20 verbose request id edf217215748e79e
21 verbose etag "6EU1DUS35VZWSJKTPRBRD1ZE1"
22 http request GET https://registry.npmjs.org/mocha
23 http 304 https://registry.npmjs.org/mocha
24 verbose headers { date: 'Thu, 03 Mar 2016 13:13:32 GMT',
24 verbose headers   via: '1.1 varnish',
24 verbose headers   'cache-control': 'max-age=300',
24 verbose headers   etag: '"6EU1DUS35VZWSJKTPRBRD1ZE1"',
24 verbose headers   age: '288',
24 verbose headers   connection: 'keep-alive',
24 verbose headers   'x-served-by': 'cache-fra1228-FRA',
24 verbose headers   'x-cache': 'HIT',
24 verbose headers   'x-cache-hits': '6',
24 verbose headers   'x-timer': 'S1457010812.317263,VS0,VE0',
24 verbose headers   vary: 'Accept' }
25 silly get cb [ 304,
25 silly get   { date: 'Thu, 03 Mar 2016 13:13:32 GMT',
25 silly get     via: '1.1 varnish',
25 silly get     'cache-control': 'max-age=300',
25 silly get     etag: '"6EU1DUS35VZWSJKTPRBRD1ZE1"',
25 silly get     age: '288',
25 silly get     connection: 'keep-alive',
25 silly get     'x-served-by': 'cache-fra1228-FRA',
25 silly get     'x-cache': 'HIT',
25 silly get     'x-cache-hits': '6',
25 silly get     'x-timer': 'S1457010812.317263,VS0,VE0',
25 silly get     vary: 'Accept' } ]
26 verbose etag https://registry.npmjs.org/mocha from cache
27 verbose get saving mocha to /Users/mohamed/.npm/registry.npmjs.org/mocha/.cache.json
28 silly addNameTag next cb for mocha with tag latest
29 silly addNamed mocha@2.4.5
30 verbose addNamed "2.4.5" is a plain semver version for mocha
31 silly cache afterAdd mocha@2.4.5
32 verbose afterAdd /Users/mohamed/.npm/mocha/2.4.5/package/package.json not in flight; writing
33 verbose afterAdd /Users/mohamed/.npm/mocha/2.4.5/package/package.json written
34 silly install resolved [ { name: 'mocha',
34 silly install resolved     version: '2.4.5',
34 silly install resolved     description: 'simple, flexible, fun test framework',
34 silly install resolved     keywords: [ 'mocha', 'test', 'bdd', 'tdd', 'tap' ],
34 silly install resolved     author: { name: 'TJ Holowaychuk', email: 'tj@vision-media.ca' },
34 silly install resolved     contributors:
34 silly install resolved      [ [Object],
34 silly install resolved        [Object],
34 silly install resolved        [Object],
34 silly install resolved        [Object],
34 silly install resolved        [Object],
34 silly install resolved        [Object],
34 silly install resolved        [Object],
34 silly install resolved        [Object],
34 silly install resolved        [Object],
34 silly install resolved        [Object],
34 silly install resolved        [Object],
34 silly install resolved        [Object],
34 silly install resolved        [Object],
34 silly install resolved        [Object],
34 silly install resolved        [Object],
34 silly install resolved        [Object],
34 silly install resolved        [Object],
34 silly install resolved        [Object],
34 silly install resolved        [Object],
34 silly install resolved        [Object],
34 silly install resolved        [Object],
34 silly install resolved        [Object],
34 silly install resolved        [Object],
34 silly install resolved        [Object],
34 silly install resolved        [Object],
34 silly install resolved        [Object],
34 silly install resolved        [Object],
34 silly install resolved        [Object],
34 silly install resolved        [Object],
34 silly install resolved        [Object],
34 silly install resolved        [Object],
34 silly install resolved        [Object],
34 silly install resolved        [Object],
34 silly install resolved        [Object],
34 silly install resolved        [Object],
34 silly install resolved        [Object],
34 silly install resolved        [Object],
34 silly install resolved        [Object],
34 silly install resolved        [Object],
34 silly install resolved        [Object],
34 silly install resolved        [Object],
34 silly install resolved        [Object],
34 silly install resolved        [Object],
34 silly install resolved        [Object],
34 silly install resolved        [Object],
34 silly install resolved        [Object],
34 silly install resolved        [Object],
34 silly install resolved        [Object],
34 silly install resolved        [Object],
34 silly install resolved        [Object],
34 silly install resolved        [Object],
34 silly install resolved        [Object],
34 silly install resolved        [Object],
34 silly install resolved        [Object],
34 silly install resolved        [Object],
34 silly install resolved        [Object],
34 silly install resolved        [Object],
34 silly install resolved        [Object],
34 silly install resolved        [Object],
34 silly install resolved        [Object],
34 silly install resolved        [Object],
34 silly install resolved        [Object],
34 silly install resolved        [Object],
34 silly install resolved        [Object],
34 silly install resolved        [Object],
34 silly install resolved        [Object],
34 silly install resolved        [Object],
34 silly install resolved        [Object],
34 silly install resolved        [Object],
34 silly install resolved        [Object],
34 silly install resolved        [Object],
34 silly install resolved        [Object],
34 silly install resolved        [Object],
34 silly install resolved        [Object],
34 silly install resolved        [Object],
34 silly install resolved        [Object],
34 silly install resolved        [Object],
34 silly install resolved        [Object],
34 silly install resolved        [Object],
34 silly install resolved        [Object],
34 silly install resolved        [Object],
34 silly install resolved        [Object],
34 silly install resolved        [Object],
34 silly install resolved        [Object],
34 silly install resolved        [Object],
34 silly install resolved        [Object],
34 silly install resolved        [Object],
34 silly install resolved        [Object],
34 silly install resolved        [Object],
34 silly install resolved        [Object],
34 silly install resolved        [Object],
34 silly install resolved        [Object],
34 silly install resolved        [Object],
34 silly install resolved        [Object],
34 silly install resolved        [Object],
34 silly install resolved        [Object],
34 silly install resolved        [Object],
34 silly install resolved        [Object],
34 silly install resolved        [Object],
34 silly install resolved        [Object],
34 silly install resolved        [Object],
34 silly install resolved        [Object],
34 silly install resolved        [Object],
34 silly install resolved        [Object],
34 silly install resolved        [Object],
34 silly install resolved        [Object],
34 silly install resolved        [Object],
34 silly install resolved        [Object],
34 silly install resolved        [Object],
34 silly install resolved        [Object],
34 silly install resolved        [Object],
34 silly install resolved        [Object],
34 silly install resolved        [Object],
34 silly install resolved        [Object],
34 silly install resolved        [Object],
34 silly install resolved        [Object],
34 silly install resolved        [Object],
34 silly install resolved        [Object],
34 silly install resolved        [Object],
34 silly install resolved        [Object],
34 silly install resolved        [Object],
34 silly install resolved        [Object],
34 silly install resolved        [Object],
34 silly install resolved        [Object],
34 silly install resolved        [Object],
34 silly install resolved        [Object],
34 silly install resolved        [Object],
34 silly install resolved        [Object],
34 silly install resolved        [Object],
34 silly install resolved        [Object],
34 silly install resolved        [Object],
34 silly install resolved        [Object],
34 silly install resolved        [Object],
34 silly install resolved        [Object],
34 silly install resolved        [Object],
34 silly install resolved        [Object],
34 silly install resolved        [Object],
34 silly install resolved        [Object],
34 silly install resolved        [Object],
34 silly install resolved        [Object],
34 silly install resolved        [Object],
34 silly install resolved        [Object],
34 silly install resolved        [Object],
34 silly install resolved        [Object],
34 silly install resolved        [Object],
34 silly install resolved        [Object],
34 silly install resolved        [Object],
34 silly install resolved        [Object],
34 silly install resolved        [Object],
34 silly install resolved        [Object],
34 silly install resolved        [Object],
34 silly install resolved        [Object],
34 silly install resolved        [Object],
34 silly install resolved        [Object],
34 silly install resolved        [Object],
34 silly install resolved        [Object],
34 silly install resolved        [Object],
34 silly install resolved        [Object],
34 silly install resolved        [Object],
34 silly install resolved        [Object],
34 silly install resolved        [Object],
34 silly install resolved        [Object],
34 silly install resolved        [Object],
34 silly install resolved        [Object],
34 silly install resolved        [Object],
34 silly install resolved        [Object],
34 silly install resolved        [Object],
34 silly install resolved        [Object],
34 silly install resolved        [Object],
34 silly install resolved        [Object],
34 silly install resolved        [Object],
34 silly install resolved        [Object],
34 silly install resolved        [Object],
34 silly install resolved        [Object],
34 silly install resolved        [Object],
34 silly install resolved        [Object],
34 silly install resolved        [Object],
34 silly install resolved        [Object],
34 silly install resolved        [Object],
34 silly install resolved        [Object],
34 silly install resolved        [Object],
34 silly install resolved        [Object],
34 silly install resolved        [Object],
34 silly install resolved        [Object],
34 silly install resolved        [Object],
34 silly install resolved        [Object],
34 silly install resolved        [Object],
34 silly install resolved        [Object],
34 silly install resolved        [Object],
34 silly install resolved        [Object],
34 silly install resolved        [Object],
34 silly install resolved        [Object],
34 silly install resolved        [Object],
34 silly install resolved        [Object],
34 silly install resolved        [Object],
34 silly install resolved        [Object],
34 silly install resolved        [Object],
34 silly install resolved        [Object],
34 silly install resolved        [Object],
34 silly install resolved        [Object],
34 silly install resolved        [Object],
34 silly install resolved        [Object],
34 silly install resolved        [Object],
34 silly install resolved        [Object],
34 silly install resolved        [Object],
34 silly install resolved        [Object],
34 silly install resolved        [Object],
34 silly install resolved        [Object],
34 silly install resolved        [Object],
34 silly install resolved        [Object],
34 silly install resolved        [Object],
34 silly install resolved        [Object],
34 silly install resolved        [Object],
34 silly install resolved        [Object],
34 silly install resolved        [Object],
34 silly install resolved        [Object],
34 silly install resolved        [Object],
34 silly install resolved        [Object],
34 silly install resolved        [Object],
34 silly install resolved        [Object],
34 silly install resolved        [Object],
34 silly install resolved        [Object],
34 silly install resolved        [Object],
34 silly install resolved        [Object],
34 silly install resolved        [Object],
34 silly install resolved        [Object],
34 silly install resolved        [Object],
34 silly install resolved        [Object],
34 silly install resolved        [Object],
34 silly install resolved        [Object],
34 silly install resolved        [Object],
34 silly install resolved        [Object],
34 silly install resolved        [Object],
34 silly install resolved        [Object],
34 silly install resolved        [Object],
34 silly install resolved        [Object],
34 silly install resolved        [Object],
34 silly install resolved        [Object],
34 silly install resolved        [Object],
34 silly install resolved        [Object] ],
34 silly install resolved     license: 'MIT',
34 silly install resolved     repository: { type: 'git', url: 'git://github.com/mochajs/mocha.git' },
34 silly install resolved     maintainers: [ [Object], [Object], [Object], [Object] ],
34 silly install resolved     main: './index',
34 silly install resolved     bin: { mocha: './bin/mocha', _mocha: './bin/_mocha' },
34 silly install resolved     engines: { node: '>= 0.8.x' },
34 silly install resolved     scripts: { test: 'make test-all' },
34 silly install resolved     dependencies:
34 silly install resolved      { commander: '2.3.0',
34 silly install resolved        debug: '2.2.0',
34 silly install resolved        diff: '1.4.0',
34 silly install resolved        'escape-string-regexp': '1.0.2',
34 silly install resolved        glob: '3.2.3',
34 silly install resolved        growl: '1.8.1',
34 silly install resolved        jade: '0.26.3',
34 silly install resolved        mkdirp: '0.5.1',
34 silly install resolved        'supports-color': '1.2.0' },
34 silly install resolved     devDependencies:
34 silly install resolved      { 'browser-stdout': '^1.2.0',
34 silly install resolved        browserify: '10.2.4',
34 silly install resolved        'coffee-script': '~1.8.0',
34 silly install resolved        eslint: '^1.2.1',
34 silly install resolved        should: '~8.0.0',
34 silly install resolved        through2: '~0.6.5' },
34 silly install resolved     files:
34 silly install resolved      [ 'bin',
34 silly install resolved        'images',
34 silly install resolved        'lib',
34 silly install resolved        'index.js',
34 silly install resolved        'mocha.css',
34 silly install resolved        'mocha.js',
34 silly install resolved        'LICENSE' ],
34 silly install resolved     browser:
34 silly install resolved      { debug: './lib/browser/debug.js',
34 silly install resolved        events: './lib/browser/events.js',
34 silly install resolved        tty: './lib/browser/tty.js' },
34 silly install resolved     licenses: [ [Object] ],
34 silly install resolved     gitHead: '2a8594424c73ffeca41ef1668446372160528b4a',
34 silly install resolved     bugs: { url: 'https://github.com/mochajs/mocha/issues' },
34 silly install resolved     homepage: 'https://github.com/mochajs/mocha#readme',
34 silly install resolved     _id: 'mocha@2.4.5',
34 silly install resolved     _shasum: '151768dd2875eb51bc8295e9800026e9f2bb398f',
34 silly install resolved     _from: 'mocha@latest',
34 silly install resolved     _npmVersion: '3.5.3',
34 silly install resolved     _nodeVersion: '5.5.0',
34 silly install resolved     _npmUser: { name: 'boneskull', email: 'boneskull@boneskull.com' },
34 silly install resolved     dist:
34 silly install resolved      { shasum: '151768dd2875eb51bc8295e9800026e9f2bb398f',
34 silly install resolved        tarball: 'http://registry.npmjs.org/mocha/-/mocha-2.4.5.tgz' },
34 silly install resolved     directories: {},
34 silly install resolved     _resolved: 'https://registry.npmjs.org/mocha/-/mocha-2.4.5.tgz',
34 silly install resolved     readme: 'ERROR: No README data found!' } ]
35 info install mocha@2.4.5 into /usr/local/lib
36 info installOne mocha@2.4.5
37 verbose installOne of mocha to /usr/local/lib not in flight; installing
38 verbose lock using /Users/mohamed/.npm/_locks/mocha-1cb4102bb5230051.lock for /usr/local/lib/node_modules/mocha
39 silly install write writing mocha 2.4.5 to /usr/local/lib/node_modules/mocha
40 verbose unbuild lib/node_modules/mocha
41 silly gentlyRm /usr/local/lib/node_modules/mocha is being purged from base /usr/local
42 verbose gentlyRm don't care about contents; nuking /usr/local/lib/node_modules/mocha
43 verbose tar unpack /Users/mohamed/.npm/mocha/2.4.5/package.tgz
44 verbose tar unpacking to /usr/local/lib/node_modules/mocha
45 silly gentlyRm /usr/local/lib/node_modules/mocha is being purged
46 verbose gentlyRm don't care about contents; nuking /usr/local/lib/node_modules/mocha
47 silly gunzTarPerm modes [ '755', '644' ]
48 error tar.unpack untar error /Users/mohamed/.npm/mocha/2.4.5/package.tgz
49 verbose unlock done using /Users/mohamed/.npm/_locks/mocha-1cb4102bb5230051.lock for /usr/local/lib/node_modules/mocha
50 verbose fstream_path /usr/local/lib/node_modules/mocha
51 verbose fstream_type Directory
52 verbose fstream_class DirWriter
53 verbose stack Error: EACCES: permission denied, mkdir '/usr/local/lib/node_modules/mocha'
53 verbose stack     at Error (native)
54 verbose fstream_stack /usr/local/lib/node_modules/npm/node_modules/fstream/lib/dir-writer.js:35:25
54 verbose fstream_stack /usr/local/lib/node_modules/npm/node_modules/mkdirp/index.js:47:53
54 verbose fstream_stack FSReqWrap.oncomplete (fs.js:82:15)
55 verbose cwd /Users/mohamed/Desktop/SE/Ass1/se-assignment/31-5919
56 error Darwin 14.5.0
57 error argv "/usr/local/bin/node" "/usr/local/bin/npm" "install" "-g" "mocha"
58 error node v4.2.6
59 error npm  v2.14.12
60 error path /usr/local/lib/node_modules/mocha
61 error code EACCES
62 error errno -13
63 error syscall mkdir
64 error Error: EACCES: permission denied, mkdir '/usr/local/lib/node_modules/mocha'
64 error     at Error (native)
64 error  { [Error: EACCES: permission denied, mkdir '/usr/local/lib/node_modules/mocha']
64 error   errno: -13,
64 error   code: 'EACCES',
64 error   syscall: 'mkdir',
64 error   path: '/usr/local/lib/node_modules/mocha',
64 error   fstream_type: 'Directory',
64 error   fstream_path: '/usr/local/lib/node_modules/mocha',
64 error   fstream_class: 'DirWriter',
64 error   fstream_stack:
64 error    [ '/usr/local/lib/node_modules/npm/node_modules/fstream/lib/dir-writer.js:35:25',
64 error      '/usr/local/lib/node_modules/npm/node_modules/mkdirp/index.js:47:53',
64 error      'FSReqWrap.oncomplete (fs.js:82:15)' ] }
65 error Please try running this command again as root/Administrator.
66 verbose exit [ -13, true ]
67 verbose unbuild lib/node_modules/mocha
68 silly gentlyRm /usr/local/lib/node_modules/mocha is being purged from base /usr/local
69 verbose gentlyRm don't care about contents; nuking /usr/local/lib/node_modules/mocha
